# JRE version: OpenJDK Runtime Environment (8.0_222-b10) (build 1.8.0_222-8u222-b10-1ubuntu1~18.04.1-b10)
# Java VM: OpenJDK 64-Bit Server VM (25.222-b10 mixed mode linux-amd64 compressed oops)
Heap:
 garbage-first heap   total 253952K, used 43069K [0x00000000c0000000, 0x00000000c01007c0, 0x0000000100000000)
  region size 1024K, 1 young (1024K), 1 survivors (1024K)
 Metaspace       used 47154K, capacity 49706K, committed 49996K, reserved 1093632K
  class space    used 5739K, capacity 6631K, committed 6732K, reserved 1048576K
GC Heap History (10 events):
Event: 21.924 GC heap after
Heap after GC invocations=18 (full 0):
 garbage-first heap   total 126976K, used 41356K [0x00000000c0000000, 0x00000000c01003e0, 0x0000000100000000)
  region size 1024K, 7 young (7168K), 7 survivors (7168K)
 Metaspace       used 43106K, capacity 45382K, committed 45516K, reserved 1089536K
  class space    used 4992K, capacity 5807K, committed 5836K, reserved 1048576K
}
Event: 31.763 GC heap before
{Heap before GC invocations=18 (full 0):
 garbage-first heap   total 126976K, used 97676K [0x00000000c0000000, 0x00000000c01003e0, 0x0000000100000000)
  region size 1024K, 62 young (63488K), 7 survivors (7168K)
 Metaspace       used 46145K, capacity 48578K, committed 48716K, reserved 1091584K
  class space    used 5596K, capacity 6425K, committed 6476K, reserved 1048576K
Event: 31.798 GC heap after
Heap after GC invocations=19 (full 0):
 garbage-first heap   total 126976K, used 44462K [0x00000000c0000000, 0x00000000c01003e0, 0x0000000100000000)
  region size 1024K, 8 young (8192K), 8 survivors (8192K)
 Metaspace       used 46145K, capacity 48578K, committed 48716K, reserved 1091584K
  class space    used 5596K, capacity 6425K, committed 6476K, reserved 1048576K
}
Event: 33.883 GC heap before
{Heap before GC invocations=19 (full 0):
 garbage-first heap   total 126976K, used 104878K [0x00000000c0000000, 0x00000000c01003e0, 0x0000000100000000)
  region size 1024K, 67 young (68608K), 8 survivors (8192K)
 Metaspace       used 46194K, capacity 48642K, committed 48716K, reserved 1091584K
  class space    used 5602K, capacity 6425K, committed 6476K, reserved 1048576K
Event: 33.896 GC heap after
Heap after GC invocations=20 (full 0):
 garbage-first heap   total 126976K, used 41389K [0x00000000c0000000, 0x00000000c01003e0, 0x0000000100000000)
  region size 1024K, 5 young (5120K), 5 survivors (5120K)
 Metaspace       used 46194K, capacity 48642K, committed 48716K, reserved 1091584K
  class space    used 5602K, capacity 6425K, committed 6476K, reserved 1048576K
}
Event: 35.508 GC heap before
{Heap before GC invocations=20 (full 0):
 garbage-first heap   total 126976K, used 107949K [0x00000000c0000000, 0x00000000c01003e0, 0x0000000100000000)
  region size 1024K, 70 young (71680K), 5 survivors (5120K)
 Metaspace       used 46195K, capacity 48642K, committed 48716K, reserved 1091584K
  class space    used 5602K, capacity 6425K, committed 6476K, reserved 1048576K
Event: 35.549 GC heap after
Heap after GC invocations=21 (full 0):
 garbage-first heap   total 126976K, used 39853K [0x00000000c0000000, 0x00000000c01003e0, 0x0000000100000000)
  region size 1024K, 4 young (4096K), 4 survivors (4096K)
 Metaspace       used 46195K, capacity 48642K, committed 48716K, reserved 1091584K
  class space    used 5602K, capacity 6425K, committed 6476K, reserved 1048576K
}
Event: 45.730 GC heap before
{Heap before GC invocations=21 (full 0):
 garbage-first heap   total 126976K, used 108461K [0x00000000c0000000, 0x00000000c01003e0, 0x0000000100000000)
  region size 1024K, 71 young (72704K), 4 survivors (4096K)
 Metaspace       used 47154K, capacity 49706K, committed 49996K, reserved 1093632K
  class space    used 5739K, capacity 6631K, committed 6732K, reserved 1048576K
Event: 51.835 GC heap after
Heap after GC invocations=22 (full 0):
 garbage-first heap   total 126976K, used 43437K [0x00000000c0000000, 0x00000000c01003e0, 0x0000000100000000)
  region size 1024K, 7 young (7168K), 7 survivors (7168K)
 Metaspace       used 47154K, capacity 49706K, committed 49996K, reserved 1093632K
  class space    used 5739K, capacity 6631K, committed 6732K, reserved 1048576K
}
Event: 76.634 GC heap before
{Heap before GC invocations=22 (full 0):
 garbage-first heap   total 126976K, used 44461K [0x00000000c0000000, 0x00000000c01003e0, 0x0000000100000000)
  region size 1024K, 8 young (8192K), 7 survivors (7168K)
 Metaspace       used 47154K, capacity 49706K, committed 49996K, reserved 1093632K
  class space    used 5739K, capacity 6631K, committed 6732K, reserved 1048576K

