# JRE version: OpenJDK Runtime Environment (11.0.4+11) (build 11.0.4+11-post-Ubuntu-1ubuntu218.04.3)
# Java VM: OpenJDK 64-Bit Server VM (11.0.4+11-post-Ubuntu-1ubuntu218.04.3, mixed mode, sharing, tiered, compressed oops, g1 gc, linux-amd64)
Heap:
 garbage-first heap   total 544768K, used 77446K [0x00000000c0000000, 0x0000000100000000)
  region size 1024K, 2 young (2048K), 2 survivors (2048K)
 Metaspace       used 40138K, capacity 42173K, committed 42416K, reserved 1087488K
  class space    used 4258K, capacity 5069K, committed 5120K, reserved 1048576K
GC Heap History (10 events):
Event: 69,303 GC heap after
{Heap after GC invocations=33 (full 0):
 garbage-first heap   total 208896K, used 74861K [0x00000000c0000000, 0x0000000100000000)
  region size 1024K, 5 young (5120K), 5 survivors (5120K)
 Metaspace       used 40135K, capacity 42173K, committed 42416K, reserved 1087488K
  class space    used 4258K, capacity 5069K, committed 5120K, reserved 1048576K
}
Event: 72,215 GC heap before
{Heap before GC invocations=33 (full 0):
 garbage-first heap   total 208896K, used 78957K [0x00000000c0000000, 0x0000000100000000)
  region size 1024K, 10 young (10240K), 5 survivors (5120K)
 Metaspace       used 40135K, capacity 42173K, committed 42416K, reserved 1087488K
  class space    used 4258K, capacity 5069K, committed 5120K, reserved 1048576K
}
Event: 73,288 GC heap after
{Heap after GC invocations=34 (full 0):
 garbage-first heap   total 208896K, used 75400K [0x00000000c0000000, 0x0000000100000000)
  region size 1024K, 1 young (1024K), 1 survivors (1024K)
 Metaspace       used 40135K, capacity 42173K, committed 42416K, reserved 1087488K
  class space    used 4258K, capacity 5069K, committed 5120K, reserved 1048576K
}
Event: 73,529 GC heap before
{Heap before GC invocations=34 (full 0):
 garbage-first heap   total 208896K, used 83592K [0x00000000c0000000, 0x0000000100000000)
  region size 1024K, 10 young (10240K), 1 survivors (1024K)
 Metaspace       used 40137K, capacity 42173K, committed 42416K, reserved 1087488K
  class space    used 4258K, capacity 5069K, committed 5120K, reserved 1048576K
}
Event: 73,654 GC heap after
{Heap after GC invocations=35 (full 0):
 garbage-first heap   total 208896K, used 75502K [0x00000000c0000000, 0x0000000100000000)
  region size 1024K, 1 young (1024K), 1 survivors (1024K)
 Metaspace       used 40137K, capacity 42173K, committed 42416K, reserved 1087488K
  class space    used 4258K, capacity 5069K, committed 5120K, reserved 1048576K
}
Event: 74,178 GC heap before
{Heap before GC invocations=35 (full 0):
 garbage-first heap   total 208896K, used 83694K [0x00000000c0000000, 0x0000000100000000)
  region size 1024K, 10 young (10240K), 1 survivors (1024K)
 Metaspace       used 40137K, capacity 42173K, committed 42416K, reserved 1087488K
  class space    used 4258K, capacity 5069K, committed 5120K, reserved 1048576K
}
Event: 74,194 GC heap after
{Heap after GC invocations=36 (full 0):
 garbage-first heap   total 208896K, used 75911K [0x00000000c0000000, 0x0000000100000000)
  region size 1024K, 2 young (2048K), 2 survivors (2048K)
 Metaspace       used 40137K, capacity 42173K, committed 42416K, reserved 1087488K
  class space    used 4258K, capacity 5069K, committed 5120K, reserved 1048576K
}
Event: 76,015 GC heap before
{Heap before GC invocations=36 (full 0):
 garbage-first heap   total 208896K, used 83079K [0x00000000c0000000, 0x0000000100000000)
  region size 1024K, 10 young (10240K), 2 survivors (2048K)
 Metaspace       used 40138K, capacity 42173K, committed 42416K, reserved 1087488K
  class space    used 4258K, capacity 5069K, committed 5120K, reserved 1048576K
}
Event: 76,283 GC heap after
{Heap after GC invocations=37 (full 0):
 garbage-first heap   total 208896K, used 76666K [0x00000000c0000000, 0x0000000100000000)
  region size 1024K, 2 young (2048K), 2 survivors (2048K)
 Metaspace       used 40138K, capacity 42173K, committed 42416K, reserved 1087488K
  class space    used 4258K, capacity 5069K, committed 5120K, reserved 1048576K
}
Event: 77,076 GC heap before
{Heap before GC invocations=37 (full 0):
 garbage-first heap   total 208896K, used 83834K [0x00000000c0000000, 0x0000000100000000)
  region size 1024K, 10 young (10240K), 2 survivors (2048K)
 Metaspace       used 40138K, capacity 42173K, committed 42416K, reserved 1087488K
  class space    used 4258K, capacity 5069K, committed 5120K, reserved 1048576K
}

