# JRE version: OpenJDK Runtime Environment (11.0.4+11) (build 11.0.4+11-post-Ubuntu-1ubuntu218.04.3)
# Java VM: OpenJDK 64-Bit Server VM (11.0.4+11-post-Ubuntu-1ubuntu218.04.3, mixed mode, sharing, tiered, compressed oops, g1 gc, linux-amd64)
Heap:
 garbage-first heap   total 311296K, used 50712K [0x00000000c0000000, 0x0000000100000000)
  region size 1024K, 3 young (3072K), 3 survivors (3072K)
 Metaspace       used 48474K, capacity 51258K, committed 51632K, reserved 1093632K
  class space    used 5788K, capacity 6790K, committed 6912K, reserved 1048576K
GC Heap History (10 events):
Event: 305,082 GC heap after
{Heap after GC invocations=65 (full 0):
 garbage-first heap   total 57344K, used 43971K [0x00000000c0000000, 0x0000000100000000)
  region size 1024K, 1 young (1024K), 1 survivors (1024K)
 Metaspace       used 48182K, capacity 51115K, committed 51376K, reserved 1093632K
  class space    used 5766K, capacity 6785K, committed 6912K, reserved 1048576K
}
Event: 305,102 GC heap before
{Heap before GC invocations=65 (full 0):
 garbage-first heap   total 57344K, used 47043K [0x00000000c0000000, 0x0000000100000000)
  region size 1024K, 4 young (4096K), 1 survivors (1024K)
 Metaspace       used 48182K, capacity 51115K, committed 51376K, reserved 1093632K
  class space    used 5766K, capacity 6785K, committed 6912K, reserved 1048576K
}
Event: 305,171 GC heap after
{Heap after GC invocations=66 (full 0):
 garbage-first heap   total 114688K, used 44235K [0x00000000c0000000, 0x0000000100000000)
  region size 1024K, 1 young (1024K), 1 survivors (1024K)
 Metaspace       used 48182K, capacity 51115K, committed 51376K, reserved 1093632K
  class space    used 5766K, capacity 6785K, committed 6912K, reserved 1048576K
}
Event: 305,413 GC heap before
{Heap before GC invocations=66 (full 0):
 garbage-first heap   total 114688K, used 66763K [0x00000000c0000000, 0x0000000100000000)
  region size 1024K, 23 young (23552K), 1 survivors (1024K)
 Metaspace       used 48182K, capacity 51115K, committed 51376K, reserved 1093632K
  class space    used 5766K, capacity 6785K, committed 6912K, reserved 1048576K
}
Event: 305,432 GC heap after
{Heap after GC invocations=67 (full 0):
 garbage-first heap   total 114688K, used 46433K [0x00000000c0000000, 0x0000000100000000)
  region size 1024K, 3 young (3072K), 3 survivors (3072K)
 Metaspace       used 48182K, capacity 51115K, committed 51376K, reserved 1093632K
  class space    used 5766K, capacity 6785K, committed 6912K, reserved 1048576K
}
Event: 305,618 GC heap before
{Heap before GC invocations=68 (full 0):
 garbage-first heap   total 114688K, used 69985K [0x00000000c0000000, 0x0000000100000000)
  region size 1024K, 26 young (26624K), 3 survivors (3072K)
 Metaspace       used 48182K, capacity 51115K, committed 51376K, reserved 1093632K
  class space    used 5766K, capacity 6785K, committed 6912K, reserved 1048576K
}
Event: 305,635 GC heap after
{Heap after GC invocations=69 (full 0):
 garbage-first heap   total 114688K, used 48523K [0x00000000c0000000, 0x0000000100000000)
  region size 1024K, 3 young (3072K), 3 survivors (3072K)
 Metaspace       used 48182K, capacity 51115K, committed 51376K, reserved 1093632K
  class space    used 5766K, capacity 6785K, committed 6912K, reserved 1048576K
}
Event: 314,036 GC heap before
{Heap before GC invocations=69 (full 0):
 garbage-first heap   total 114688K, used 73099K [0x00000000c0000000, 0x0000000100000000)
  region size 1024K, 27 young (27648K), 3 survivors (3072K)
 Metaspace       used 48447K, capacity 51258K, committed 51632K, reserved 1093632K
  class space    used 5788K, capacity 6790K, committed 6912K, reserved 1048576K
}
Event: 314,055 GC heap after
{Heap after GC invocations=70 (full 0):
 garbage-first heap   total 114688K, used 50473K [0x00000000c0000000, 0x0000000100000000)
  region size 1024K, 4 young (4096K), 4 survivors (4096K)
 Metaspace       used 48447K, capacity 51258K, committed 51632K, reserved 1093632K
  class space    used 5788K, capacity 6790K, committed 6912K, reserved 1048576K
}
Event: 524,548 GC heap before
{Heap before GC invocations=70 (full 0):
 garbage-first heap   total 114688K, used 77097K [0x00000000c0000000, 0x0000000100000000)
  region size 1024K, 30 young (30720K), 4 survivors (4096K)
 Metaspace       used 48474K, capacity 51258K, committed 51632K, reserved 1093632K
  class space    used 5788K, capacity 6790K, committed 6912K, reserved 1048576K
}

